<?xml version="1.0" encoding="UTF-8"?>
<!-- Generated by org.testng.reporters.JUnitReportReporter -->
<testsuite hostname="DESKTOP-09L7SJA" failures="0" tests="1" name="web.automation.testcases.TestCaseClass" time="27.492" errors="0" timestamp="2022-02-06T22:13:43 SGT" skipped="0">
  <testcase classname="web.automation.testcases.TestCaseClass" name="TC_003" time="27.492"/>
  <system-out/>
</testsuite> <!-- web.automation.testcases.TestCaseClass -->
