<?xml version="1.0" encoding="UTF-8"?>
<!-- Generated by org.testng.reporters.JUnitReportReporter -->
<testsuite hostname="DESKTOP-09L7SJA" failures="0" tests="1" name="org.web.automation.tescases.TC_003_Screenshot_Time" time="73.682" errors="0" timestamp="2022-01-31T11:25:55 SGT" skipped="0">
  <testcase classname="org.web.automation.tescases.TC_003_Screenshot_Time" name="tc001" time="73.682"/>
  <system-out/>
</testsuite> <!-- org.web.automation.tescases.TC_003_Screenshot_Time -->
