<?xml version="1.0" encoding="UTF-8"?>
<!-- Generated by org.testng.reporters.JUnitReportReporter -->
<testsuite hostname="DESKTOP-09L7SJA" failures="0" tests="1" name="web.automation.testcases.ErrorTests_motorcycle" time="32.616" errors="0" timestamp="2022-02-06T16:08:41 SGT" skipped="0">
  <testcase classname="web.automation.testcases.ErrorTests_motorcycle" name="TC00_1" time="32.616"/>
  <system-out/>
</testsuite> <!-- web.automation.testcases.ErrorTests_motorcycle -->
