<?xml version="1.0" encoding="UTF-8"?>
<!-- Generated by org.testng.reporters.JUnitReportReporter -->
<testsuite hostname="DESKTOP-09L7SJA" failures="0" tests="1" name="web.automation.testcases.EndToEndTests_timeIbm" time="3.638" errors="0" timestamp="2022-02-03T23:31:28 SGT" skipped="0">
  <testcase classname="web.automation.testcases.EndToEndTests_timeIbm" name="test1" time="3.638"/>
  <system-out/>
</testsuite> <!-- web.automation.testcases.EndToEndTests_timeIbm -->
