<?xml version="1.0" encoding="UTF-8"?>
<!-- Generated by org.testng.reporters.JUnitReportReporter -->
<testsuite hostname="DESKTOP-09L7SJA" failures="0" tests="1" name="org.web.automation.tescases.TC_003_Fb_registration" time="7.895" errors="0" timestamp="2022-01-20T14:52:20 SGT" skipped="0">
  <testcase classname="org.web.automation.tescases.TC_003_Fb_registration" name="testcase1" time="7.895"/>
  <system-out/>
</testsuite> <!-- org.web.automation.tescases.TC_003_Fb_registration -->
