<?xml version="1.0" encoding="UTF-8"?>
<!-- Generated by org.testng.reporters.JUnitReportReporter -->
<testsuite hostname="DESKTOP-09L7SJA" failures="0" tests="1" name="org.web.automation.tescases.TC_008_Activity2_Edit_Locked_Period" time="35.847" errors="0" timestamp="2022-01-22T03:26:16 SGT" skipped="0">
  <testcase classname="org.web.automation.tescases.TC_008_Activity2_Edit_Locked_Period" name="tc001" time="35.847"/>
  <system-out/>
</testsuite> <!-- org.web.automation.tescases.TC_008_Activity2_Edit_Locked_Period -->
